<?xml version="1.0" encoding="UTF-8"?>
<!-- Generated by org.testng.reporters.JUnitReportReporter -->
<testsuite hostname="DESKTOP-RVOGI0F" failures="0" tests="1" name="script.testcase2" time="0.002" errors="0" timestamp="2022-10-15T14:56:03 IST" skipped="0">
  <testcase classname="script.testcase2" name="tc2" time="0.002"/>
  <system-out>
    <![CDATA[hello selenium]]>
  </system-out>
</testsuite> <!-- script.testcase2 -->
