<?xml version="1.0" encoding="UTF-8"?>
<!-- Generated by org.testng.reporters.JUnitReportReporter -->
<testsuite hostname="DESKTOP-RVOGI0F" failures="0" tests="1" name="script.testcase4" time="0.001" errors="0" timestamp="2022-10-15T14:56:03 IST" skipped="0">
  <testcase classname="script.testcase4" name="tc4" time="0.001"/>
  <system-out>
    <![CDATA[hello api]]>
  </system-out>
</testsuite> <!-- script.testcase4 -->
