<?xml version="1.0" encoding="UTF-8"?>
<!-- Generated by org.testng.reporters.JUnitReportReporter -->
<testsuite hostname="DESKTOP-RVOGI0F" failures="0" tests="1" name="script.testcase3" time="0.009" errors="0" timestamp="2022-10-15T14:56:03 IST" skipped="0">
  <testcase classname="script.testcase3" name="tc3" time="0.009"/>
  <system-out>
    <![CDATA[hello appium]]>
  </system-out>
</testsuite> <!-- script.testcase3 -->
